{
  "stats": {
    "suites": 1,
    "tests": 1,
    "passes": 1,
    "pending": 0,
    "failures": 0,
    "start": "2022-12-09T17:20:09.942Z",
    "end": "2022-12-09T17:20:10.700Z",
    "duration": 758,
    "testsRegistered": 6,
    "passPercent": 16.666666666666664,
    "pendingPercent": 0,
    "other": 0,
    "hasOther": false,
    "skipped": 5,
    "hasSkipped": true
  },
  "results": [
    {
      "uuid": "f300a211-fff0-4129-be79-a012c0ba443e",
      "title": "",
      "fullFile": "D:\\tugas-basic-api-intermediate-week-4-fazztrack\\tests\\api_user_update_test.js",
      "file": "\\tests\\api_user_update_test.js",
      "beforeHooks": [],
      "afterHooks": [],
      "tests": [],
      "suites": [
        {
          "uuid": "0a224510-54d3-4fc0-8f6e-160216a5dbfc",
          "title": "User API",
          "fullFile": "D:\\tugas-basic-api-intermediate-week-4-fazztrack\\tests\\api_user_update_test.js",
          "file": "\\tests\\api_user_update_test.js",
          "beforeHooks": [
            {
              "title": "\"before all\" hook in \"User API\"",
              "fullTitle": "User API \"before all\" hook in \"User API\"",
              "timedOut": null,
              "duration": 1,
              "state": null,
              "speed": null,
              "pass": false,
              "fail": false,
              "pending": null,
              "context": null,
              "code": "",
              "err": {},
              "uuid": "dd9d9460-3cb8-46ba-a5e2-e78fcc566f6b",
              "parentUUID": null,
              "isHook": true,
              "skipped": false
            },
            {
              "title": "\"before all\" hook in \"User API\"",
              "fullTitle": "User API \"before all\" hook in \"User API\"",
              "timedOut": null,
              "duration": 4,
              "state": null,
              "speed": null,
              "pass": false,
              "fail": false,
              "pending": null,
              "context": null,
              "code": "console.log(\"before\")",
              "err": {},
              "uuid": "d2a4e023-ff8a-42f0-9cd3-002eb984f70f",
              "parentUUID": null,
              "isHook": true,
              "skipped": false
            },
            {
              "title": "\"before each\" hook in \"User API\"",
              "fullTitle": "User API \"before each\" hook in \"User API\"",
              "timedOut": null,
              "duration": 46,
              "state": null,
              "speed": null,
              "pass": false,
              "fail": false,
              "pending": null,
              "context": null,
              "code": "console.log(\"BeforeEach\")\nlet body = {}\nObject.assign(body , responseBody);\nresponse = await apiUser.postUserCreate(body);\nexpect(response.status).to.equal(200);",
              "err": {},
              "uuid": "096eccec-292e-42f8-a149-78115c657e26",
              "parentUUID": null,
              "isHook": true,
              "skipped": false
            }
          ],
          "afterHooks": [
            {
              "title": "\"after all\" hook in \"User API\"",
              "fullTitle": "User API \"after all\" hook in \"User API\"",
              "timedOut": null,
              "duration": 1,
              "state": null,
              "speed": null,
              "pass": false,
              "fail": false,
              "pending": null,
              "context": null,
              "code": "console.log('after');",
              "err": {},
              "uuid": "b6055e96-a350-4664-be33-d6d09ae7aadc",
              "parentUUID": null,
              "isHook": true,
              "skipped": false
            },
            {
              "title": "\"after each\" hook in \"User API\"",
              "fullTitle": "User API \"after each\" hook in \"User API\"",
              "timedOut": null,
              "duration": 1,
              "state": null,
              "speed": null,
              "pass": false,
              "fail": false,
              "pending": null,
              "context": null,
              "code": "console.log('after Each');",
              "err": {},
              "uuid": "989e569e-3c79-4434-a28c-993a26422a7b",
              "parentUUID": null,
              "isHook": true,
              "skipped": false
            }
          ],
          "tests": [
            {
              "title": "[@TC1] Success update user",
              "fullTitle": "User API [@TC1] Success update user",
              "timedOut": null,
              "duration": 0,
              "state": null,
              "speed": null,
              "pass": false,
              "fail": false,
              "pending": false,
              "context": null,
              "code": "//Your scripting code start\nlet body = {}\nObject.assign(body,responseBody);\nbody.occupation = \"Back End Engineer\";\nbody.nationality = \"Indonesia\"\nconst response = await apiUser.postUpdateData(body);\nconsole.log(response);\nexpect(response.status).to.equal(200);\nassert.equal(response.status, 200, 'status code is wrong');\nexpect(response.status).equal(200);",
              "err": {},
              "uuid": "289e9846-37b4-4060-9785-015120b7cdf5",
              "parentUUID": null,
              "isHook": false,
              "skipped": true
            },
            {
              "title": "[@TC2] Verify create user API return 400 when using data age <= 0",
              "fullTitle": "User API [@TC2] Verify create user API return 400 when using data age <= 0",
              "timedOut": null,
              "duration": 0,
              "state": null,
              "speed": null,
              "pass": false,
              "fail": false,
              "pending": false,
              "context": null,
              "code": "//Your scripting code start\nlet body = {}\nObject.assign(body,responseBody);\nbody.age = 0;\nconst response = await apiUser.postUpdateData(body);\nconsole.log(response);\nexpect(response.status).to.equal(400);\nassert.equal(response.status, 400, 'status code is wrong');\nexpect(response.status).equal(400);",
              "err": {},
              "uuid": "d5be4753-f3d9-46f1-b3f2-df3fc505bd6c",
              "parentUUID": null,
              "isHook": false,
              "skipped": true
            },
            {
              "title": "[@TC3] Verify when data array are empty",
              "fullTitle": "User API [@TC3] Verify when data array are empty",
              "timedOut": null,
              "duration": 0,
              "state": null,
              "speed": null,
              "pass": false,
              "fail": false,
              "pending": false,
              "context": null,
              "code": "//Your scripting code start\n      let body = {}\n      Object.assign(body,responseBody);\n      body.hobbies = [];\n      const response = await apiUser.postUpdateData(body);\n      console.log(response);\n      expect(response.status).to.equal(400);\n      assert.equal(response.status, 400, 'status code is wrong');\n      expect(response.status).equal(400);\n    //   expect(response.body.message).to.include('you must specify');",
              "err": {},
              "uuid": "18cd8ddf-d92e-48c1-9b5b-8777bfe337a0",
              "parentUUID": null,
              "isHook": false,
              "skipped": true
            },
            {
              "title": "[@TC4] Verify when id is null",
              "fullTitle": "User API [@TC4] Verify when id is null",
              "timedOut": null,
              "duration": 0,
              "state": null,
              "speed": null,
              "pass": false,
              "fail": false,
              "pending": false,
              "context": null,
              "code": "//Your scripting code start\n      let body = {}\n      Object.assign(body,responseBody);\n      body.id = null;\n      const response = await apiUser.postUpdateData(body);\n      expect(response.status).to.equal(200);\n      assert.equal(response.status, 200, 'status code is wrong');\n      expect(response.status).equal(200);\n    //   expect(response.body.message).to.include('you must specify');",
              "err": {},
              "uuid": "b59581d3-3cc9-42d8-a892-585696a5ac93",
              "parentUUID": null,
              "isHook": false,
              "skipped": true
            },
            {
              "title": "[@TC5]User Using Valid ID",
              "fullTitle": "User API [@TC5]User Using Valid ID",
              "timedOut": null,
              "duration": 0,
              "state": null,
              "speed": null,
              "pass": false,
              "fail": false,
              "pending": false,
              "context": null,
              "code": "let body = {}\nObject.assign(body, responseBody);\nconst response = await apiUser.getUserById('59fc6f6f-d3f3-414d-9c94-fad8d05a976a')\nconsole.log(body)\nexpect(response.status).to.equal(400);\nconsole.log(createUserSchema)\n//logic API get user by ID",
              "err": {},
              "uuid": "9be5e0ab-7a0d-427e-929b-1f28378701f0",
              "parentUUID": null,
              "isHook": false,
              "skipped": true
            },
            {
              "title": "[@TC6]User using invalid ID",
              "fullTitle": "User API [@TC6]User using invalid ID",
              "timedOut": null,
              "duration": 20,
              "state": "passed",
              "speed": "fast",
              "pass": true,
              "fail": false,
              "pending": false,
              "context": null,
              "code": "let body = {}\nObject.assign(body, responseBody);\nconst response = apiUser.getUserById('59fc6f6f-d3f3-414d-9c94-fad8d05a976a')\nconsole.log(body)\nconsole.log((await response).status)\nconsole.log(createUserSchema);\n//logic API get user by ID",
              "err": {},
              "uuid": "4494b702-489d-4389-bbb8-31ffe0a56218",
              "parentUUID": null,
              "isHook": false,
              "skipped": false
            }
          ],
          "suites": [],
          "passes": [
            "4494b702-489d-4389-bbb8-31ffe0a56218"
          ],
          "failures": [],
          "pending": [],
          "skipped": [
            "289e9846-37b4-4060-9785-015120b7cdf5",
            "d5be4753-f3d9-46f1-b3f2-df3fc505bd6c",
            "18cd8ddf-d92e-48c1-9b5b-8777bfe337a0",
            "b59581d3-3cc9-42d8-a892-585696a5ac93",
            "9be5e0ab-7a0d-427e-929b-1f28378701f0"
          ],
          "duration": 20,
          "root": false,
          "rootEmpty": false,
          "_timeout": null
        }
      ],
      "passes": [],
      "failures": [],
      "pending": [],
      "skipped": [],
      "duration": 0,
      "root": true,
      "rootEmpty": true,
      "_timeout": 2000
    }
  ],
  "meta": {
    "mocha": {
      "version": "10.1.0"
    },
    "mochawesome": {
      "options": {
        "quiet": false,
        "reportFilename": "mochawesome",
        "saveHtml": true,
        "saveJson": true,
        "consoleReporter": "spec",
        "useInlineDiffs": false,
        "code": true
      },
      "version": "7.1.3"
    },
    "marge": {
      "options": null,
      "version": "6.2.0"
    }
  }
}